gradle-build/AliyunSnap/outputs/logs/manifest-merger-debug-report.txt
-- Merging decision tree log ---
manifest
ADDED from src\main\AndroidManifest.xml:1:1-18:12
INJECTED from src\main\AndroidManifest.xml:1:1-18:12
INJECTED from src\main\AndroidManifest.xml:1:1-18:12
	package
		ADDED from src\main\AndroidManifest.xml:2:5-30
		INJECTED from src\main\AndroidManifest.xml
		INJECTED from src\main\AndroidManifest.xml
	xmlns:android
		ADDED from src\main\AndroidManifest.xml:1:11-69
application
ADDED from src\main\AndroidManifest.xml:4:5-16:19
	android:supportsRtl
		ADDED from src\main\AndroidManifest.xml:5:9-35
	android:label
		ADDED from src\main\AndroidManifest.xml:4:18-50
activity#com.aliyun.svideo.snap.SnapCropSetting
ADDED from src\main\AndroidManifest.xml:6:9-9:20
	android:screenOrientation
		ADDED from src\main\AndroidManifest.xml:7:13-49
	android:windowSoftInputMode
		ADDED from src\main\AndroidManifest.xml:8:13-52
	android:name
		ADDED from src\main\AndroidManifest.xml:6:19-72
activity#com.aliyun.svideo.snap.SnapRecorderSetting
ADDED from src\main\AndroidManifest.xml:10:9-14:20
	android:screenOrientation
		ADDED from src\main\AndroidManifest.xml:11:13-49
	android:windowSoftInputMode
		ADDED from src\main\AndroidManifest.xml:12:13-52
	android:name
		ADDED from src\main\AndroidManifest.xml:10:19-76
uses-sdk
INJECTED from src\main\AndroidManifest.xml reason: use-sdk injection requested
INJECTED from src\main\AndroidManifest.xml
INJECTED from src\main\AndroidManifest.xml
INJECTED from src\main\AndroidManifest.xml
INJECTED from src\main\AndroidManifest.xml
	android:targetSdkVersion
		INJECTED from src\main\AndroidManifest.xml
		ADDED from src\main\AndroidManifest.xml
		INJECTED from src\main\AndroidManifest.xml
	android:minSdkVersion
		INJECTED from src\main\AndroidManifest.xml
		ADDED from src\main\AndroidManifest.xml
		INJECTED from src\main\AndroidManifest.xml